::1 - - [24/Apr/2020:07:47:27 +0000] "GET /users/login HTTP/1.1" 200 1116
::1 - - [24/Apr/2020:07:47:27 +0000] "GET /stylesheets/style.css HTTP/1.1" 304 -
::1 - - [24/Apr/2020:07:47:32 +0000] "POST /users/login HTTP/1.1" 302 66
::1 - - [24/Apr/2020:07:47:32 +0000] "GET /users/user HTTP/1.1" 304 -
::1 - - [24/Apr/2020:07:47:32 +0000] "GET /stylesheets/style.css HTTP/1.1" 304 -
::1 - - [24/Apr/2020:07:47:32 +0000] "GET /javascripts/user.js HTTP/1.1" 304 -
::1 - - [24/Apr/2020:07:47:32 +0000] "GET /javascripts/modules/nQuery.js HTTP/1.1" 304 -
::1 - - [24/Apr/2020:07:47:32 +0000] "GET /javascripts/modules/Ajax.js HTTP/1.1" 304 -
::1 - - [24/Apr/2020:07:47:32 +0000] "GET /users/user HTTP/1.1" 304 -
::1 - - [24/Apr/2020:07:47:32 +0000] "GET /users/user/todo HTTP/1.1" 304 -
::1 - - [24/Apr/2020:07:48:01 +0000] "GET /users/register HTTP/1.1" 304 -
::1 - - [24/Apr/2020:07:48:01 +0000] "GET /stylesheets/style.css HTTP/1.1" 304 -
::1 - - [24/Apr/2020:07:48:05 +0000] "GET / HTTP/1.1" 304 -
::1 - - [24/Apr/2020:07:48:11 +0000] "GET /users/login HTTP/1.1" 200 1116
::1 - - [24/Apr/2020:07:48:11 +0000] "GET /stylesheets/style.css HTTP/1.1" 304 -
::1 - - [24/Apr/2020:07:48:15 +0000] "POST /users/login HTTP/1.1" 302 66
::1 - - [24/Apr/2020:07:48:15 +0000] "GET /users/user HTTP/1.1" 304 -
::1 - - [24/Apr/2020:07:48:15 +0000] "GET /stylesheets/style.css HTTP/1.1" 304 -
::1 - - [24/Apr/2020:07:48:15 +0000] "GET /javascripts/user.js HTTP/1.1" 304 -
::1 - - [24/Apr/2020:07:48:15 +0000] "GET /javascripts/modules/nQuery.js HTTP/1.1" 304 -
::1 - - [24/Apr/2020:07:48:15 +0000] "GET /javascripts/modules/Ajax.js HTTP/1.1" 304 -
::1 - - [24/Apr/2020:07:48:15 +0000] "GET /users/user HTTP/1.1" 304 -
::1 - - [24/Apr/2020:07:48:15 +0000] "GET /users/user/todo HTTP/1.1" 304 -
