GET /users/login 200 1116 - 300.511 ms
GET /stylesheets/style.css 304 - - 1.475 ms
POST /users/login 302 66 - 181.592 ms
GET /users/user 304 - - 57.859 ms
GET /stylesheets/style.css 304 - - 0.769 ms
GET /javascripts/user.js 304 - - 0.636 ms
GET /javascripts/modules/nQuery.js 304 - - 0.496 ms
GET /javascripts/modules/Ajax.js 304 - - 0.444 ms
GET /users/user 304 - - 51.637 ms
GET /users/user/todo 304 - - 12.724 ms
POST /users/user/tinna@mail.com 302 66 - 20.378 ms
GET /users/user 304 - - 63.087 ms
GET /stylesheets/style.css 304 - - 0.483 ms
GET /javascripts/user.js 304 - - 0.362 ms
GET /javascripts/modules/nQuery.js 304 - - 0.675 ms
GET /javascripts/modules/Ajax.js 304 - - 0.694 ms
GET /users/user 304 - - 51.492 ms
GET /users/user/todo 200 1002 - 62.075 ms
GET /users/user/delete/2020-04-24T07:49:37.888Z 302 66 - 13.311 ms
GET /users/user 304 - - 38.062 ms
GET /stylesheets/style.css 304 - - 0.375 ms
GET /javascripts/user.js 304 - - 0.313 ms
GET /javascripts/modules/nQuery.js 304 - - 0.556 ms
GET /javascripts/modules/Ajax.js 304 - - 0.615 ms
GET /users/user 304 - - 46.344 ms
GET /users/user/todo 200 789 - 9.430 ms
